<?xml version="1.0" encoding="UTF-8"?>
<testng-results skipped="0" failed="0" total="1" passed="1">
  <reporter-output>
  </reporter-output>
  <suite name="Default suite" duration-ms="50358" started-at="2019-10-11T16:14:05Z" finished-at="2019-10-11T16:14:55Z">
    <groups>
    </groups>
    <test name="Default test" duration-ms="50358" started-at="2019-10-11T16:14:05Z" finished-at="2019-10-11T16:14:55Z">
      <class name="basicSelenium.SeleniumClass1">
        <test-method status="PASS" signature="login()[pri:0, instance:basicSelenium.SeleniumClass1@5474c6c]" name="login" duration-ms="50340" started-at="2019-10-11T21:44:05Z" finished-at="2019-10-11T21:44:55Z">
          <reporter-output>
          </reporter-output>
        </test-method> <!-- login -->
      </class> <!-- basicSelenium.SeleniumClass1 -->
    </test> <!-- Default test -->
  </suite> <!-- Default suite -->
</testng-results>
