<?xml version="1.0" encoding="UTF-8"?>
<testng-results skipped="0" failed="0" total="9" passed="9">
  <reporter-output>
  </reporter-output>
  <suite name="Default suite" duration-ms="64" started-at="2019-10-17T15:02:01Z" finished-at="2019-10-17T15:02:01Z">
    <groups>
    </groups>
    <test name="Default test" duration-ms="64" started-at="2019-10-17T15:02:01Z" finished-at="2019-10-17T15:02:01Z">
      <class name="dataProvider.TestDataProvider1">
        <test-method status="PASS" signature="login(java.lang.String, java.lang.String)[pri:0, instance:dataProvider.TestDataProvider1@13b6d03]" name="login" duration-ms="2" started-at="2019-10-17T20:32:01Z" data-provider="getData" finished-at="2019-10-17T20:32:01Z">
          <params>
            <param index="0">
              <value>
                <![CDATA[Username 1]]>
              </value>
            </param>
            <param index="1">
              <value>
                <![CDATA[Password 1]]>
              </value>
            </param>
          </params>
          <reporter-output>
          </reporter-output>
        </test-method> <!-- login -->
        <test-method status="PASS" signature="login(java.lang.String, java.lang.String)[pri:0, instance:dataProvider.TestDataProvider1@13b6d03]" name="login" duration-ms="1" started-at="2019-10-17T20:32:01Z" data-provider="getData" finished-at="2019-10-17T20:32:01Z">
          <params>
            <param index="0">
              <value>
                <![CDATA[Username 2]]>
              </value>
            </param>
            <param index="1">
              <value>
                <![CDATA[Password 2]]>
              </value>
            </param>
          </params>
          <reporter-output>
          </reporter-output>
        </test-method> <!-- login -->
        <test-method status="PASS" signature="login(java.lang.String, java.lang.String)[pri:0, instance:dataProvider.TestDataProvider1@13b6d03]" name="login" duration-ms="2" started-at="2019-10-17T20:32:01Z" data-provider="getData" finished-at="2019-10-17T20:32:01Z">
          <params>
            <param index="0">
              <value>
                <![CDATA[Username 3]]>
              </value>
            </param>
            <param index="1">
              <value>
                <![CDATA[Password 3]]>
              </value>
            </param>
          </params>
          <reporter-output>
          </reporter-output>
        </test-method> <!-- login -->
      </class> <!-- dataProvider.TestDataProvider1 -->
      <class name="basicAnnotations.TestingClass3">
        <test-method status="PASS" signature="beforeSuite()[pri:0, instance:basicAnnotations.TestingClass3@75412c2f]" name="beforeSuite" is-config="true" duration-ms="16" started-at="2019-10-17T20:32:01Z" finished-at="2019-10-17T20:32:01Z">
          <reporter-output>
          </reporter-output>
        </test-method> <!-- beforeSuite -->
        <test-method status="PASS" signature="beforeTest()[pri:0, instance:basicAnnotations.TestingClass3@75412c2f]" name="beforeTest" is-config="true" duration-ms="1" started-at="2019-10-17T20:32:01Z" finished-at="2019-10-17T20:32:01Z">
          <reporter-output>
          </reporter-output>
        </test-method> <!-- beforeTest -->
        <test-method status="PASS" signature="afterTest()[pri:0, instance:basicAnnotations.TestingClass3@75412c2f]" name="afterTest" is-config="true" duration-ms="0" started-at="2019-10-17T20:32:01Z" finished-at="2019-10-17T20:32:01Z">
          <reporter-output>
          </reporter-output>
        </test-method> <!-- afterTest -->
        <test-method status="PASS" signature="afterSuite()[pri:0, instance:basicAnnotations.TestingClass3@75412c2f]" name="afterSuite" is-config="true" duration-ms="1" started-at="2019-10-17T20:32:01Z" finished-at="2019-10-17T20:32:01Z">
          <reporter-output>
          </reporter-output>
        </test-method> <!-- afterSuite -->
      </class> <!-- basicAnnotations.TestingClass3 -->
      <class name="basicAnnotations.TestingClass2">
        <test-method status="PASS" signature="beforeClass()[pri:0, instance:basicAnnotations.TestingClass2@f5f2bb7]" name="beforeClass" is-config="true" duration-ms="0" started-at="2019-10-17T20:32:01Z" finished-at="2019-10-17T20:32:01Z">
          <reporter-output>
          </reporter-output>
        </test-method> <!-- beforeClass -->
        <test-method status="PASS" signature="beforeMethod()[pri:0, instance:basicAnnotations.TestingClass2@f5f2bb7]" name="beforeMethod" is-config="true" duration-ms="0" started-at="2019-10-17T20:32:01Z" finished-at="2019-10-17T20:32:01Z">
          <reporter-output>
          </reporter-output>
        </test-method> <!-- beforeMethod -->
        <test-method status="PASS" signature="testCase1()[pri:0, instance:basicAnnotations.TestingClass2@f5f2bb7]" name="testCase1" duration-ms="1" started-at="2019-10-17T20:32:01Z" finished-at="2019-10-17T20:32:01Z">
          <reporter-output>
          </reporter-output>
        </test-method> <!-- testCase1 -->
        <test-method status="PASS" signature="afterMethod()[pri:0, instance:basicAnnotations.TestingClass2@f5f2bb7]" name="afterMethod" is-config="true" duration-ms="0" started-at="2019-10-17T20:32:01Z" finished-at="2019-10-17T20:32:01Z">
          <reporter-output>
          </reporter-output>
        </test-method> <!-- afterMethod -->
        <test-method status="PASS" signature="testCase2()[pri:0, instance:basicAnnotations.TestingClass2@f5f2bb7]" name="testCase2" duration-ms="1" started-at="2019-10-17T20:32:01Z" finished-at="2019-10-17T20:32:01Z">
          <reporter-output>
          </reporter-output>
        </test-method> <!-- testCase2 -->
        <test-method status="PASS" signature="beforeMethod()[pri:0, instance:basicAnnotations.TestingClass2@f5f2bb7]" name="beforeMethod" is-config="true" duration-ms="0" started-at="2019-10-17T20:32:01Z" finished-at="2019-10-17T20:32:01Z">
          <reporter-output>
          </reporter-output>
        </test-method> <!-- beforeMethod -->
        <test-method status="PASS" signature="afterMethod()[pri:0, instance:basicAnnotations.TestingClass2@f5f2bb7]" name="afterMethod" is-config="true" duration-ms="1" started-at="2019-10-17T20:32:01Z" finished-at="2019-10-17T20:32:01Z">
          <reporter-output>
          </reporter-output>
        </test-method> <!-- afterMethod -->
        <test-method status="PASS" signature="afterClass()[pri:0, instance:basicAnnotations.TestingClass2@f5f2bb7]" name="afterClass" is-config="true" duration-ms="0" started-at="2019-10-17T20:32:01Z" finished-at="2019-10-17T20:32:01Z">
          <reporter-output>
          </reporter-output>
        </test-method> <!-- afterClass -->
      </class> <!-- basicAnnotations.TestingClass2 -->
      <class name="basicAnnotations.TestNGClass1">
        <test-method status="PASS" signature="beforeClass()[pri:0, instance:basicAnnotations.TestNGClass1@282ba1e]" name="beforeClass" is-config="true" duration-ms="0" started-at="2019-10-17T20:32:01Z" finished-at="2019-10-17T20:32:01Z">
          <reporter-output>
          </reporter-output>
        </test-method> <!-- beforeClass -->
        <test-method status="PASS" signature="test3()[pri:0, instance:basicAnnotations.TestNGClass1@282ba1e]" name="test3" duration-ms="10" started-at="2019-10-17T20:32:01Z" finished-at="2019-10-17T20:32:01Z">
          <reporter-output>
          </reporter-output>
        </test-method> <!-- test3 -->
        <test-method status="PASS" signature="beforeMethod()[pri:0, instance:basicAnnotations.TestNGClass1@282ba1e]" name="beforeMethod" is-config="true" duration-ms="0" started-at="2019-10-17T20:32:01Z" finished-at="2019-10-17T20:32:01Z">
          <reporter-output>
          </reporter-output>
        </test-method> <!-- beforeMethod -->
        <test-method status="PASS" signature="afterMethod()[pri:0, instance:basicAnnotations.TestNGClass1@282ba1e]" name="afterMethod" is-config="true" duration-ms="1" started-at="2019-10-17T20:32:01Z" finished-at="2019-10-17T20:32:01Z">
          <reporter-output>
          </reporter-output>
        </test-method> <!-- afterMethod -->
        <test-method status="PASS" signature="test4()[pri:1, instance:basicAnnotations.TestNGClass1@282ba1e]" name="test4" duration-ms="2" started-at="2019-10-17T20:32:01Z" finished-at="2019-10-17T20:32:01Z">
          <reporter-output>
          </reporter-output>
        </test-method> <!-- test4 -->
        <test-method status="PASS" signature="beforeMethod()[pri:0, instance:basicAnnotations.TestNGClass1@282ba1e]" name="beforeMethod" is-config="true" duration-ms="0" started-at="2019-10-17T20:32:01Z" finished-at="2019-10-17T20:32:01Z">
          <reporter-output>
          </reporter-output>
        </test-method> <!-- beforeMethod -->
        <test-method status="PASS" signature="afterMethod()[pri:0, instance:basicAnnotations.TestNGClass1@282ba1e]" name="afterMethod" is-config="true" duration-ms="0" started-at="2019-10-17T20:32:01Z" finished-at="2019-10-17T20:32:01Z">
          <reporter-output>
          </reporter-output>
        </test-method> <!-- afterMethod -->
        <test-method status="PASS" signature="test1()[pri:2, instance:basicAnnotations.TestNGClass1@282ba1e]" name="test1" duration-ms="2" started-at="2019-10-17T20:32:01Z" finished-at="2019-10-17T20:32:01Z">
          <reporter-output>
          </reporter-output>
        </test-method> <!-- test1 -->
        <test-method status="PASS" signature="beforeMethod()[pri:0, instance:basicAnnotations.TestNGClass1@282ba1e]" name="beforeMethod" is-config="true" duration-ms="0" started-at="2019-10-17T20:32:01Z" finished-at="2019-10-17T20:32:01Z">
          <reporter-output>
          </reporter-output>
        </test-method> <!-- beforeMethod -->
        <test-method status="PASS" signature="afterMethod()[pri:0, instance:basicAnnotations.TestNGClass1@282ba1e]" name="afterMethod" is-config="true" duration-ms="1" started-at="2019-10-17T20:32:01Z" finished-at="2019-10-17T20:32:01Z">
          <reporter-output>
          </reporter-output>
        </test-method> <!-- afterMethod -->
        <test-method status="PASS" signature="beforeMethod()[pri:0, instance:basicAnnotations.TestNGClass1@282ba1e]" name="beforeMethod" is-config="true" duration-ms="0" started-at="2019-10-17T20:32:01Z" finished-at="2019-10-17T20:32:01Z">
          <reporter-output>
          </reporter-output>
        </test-method> <!-- beforeMethod -->
        <test-method status="PASS" signature="test2()[pri:3, instance:basicAnnotations.TestNGClass1@282ba1e]" name="test2" duration-ms="2" started-at="2019-10-17T20:32:01Z" finished-at="2019-10-17T20:32:01Z">
          <reporter-output>
          </reporter-output>
        </test-method> <!-- test2 -->
        <test-method status="PASS" signature="afterClass()[pri:0, instance:basicAnnotations.TestNGClass1@282ba1e]" name="afterClass" is-config="true" duration-ms="1" started-at="2019-10-17T20:32:01Z" finished-at="2019-10-17T20:32:01Z">
          <reporter-output>
          </reporter-output>
        </test-method> <!-- afterClass -->
        <test-method status="PASS" signature="afterMethod()[pri:0, instance:basicAnnotations.TestNGClass1@282ba1e]" name="afterMethod" is-config="true" duration-ms="0" started-at="2019-10-17T20:32:01Z" finished-at="2019-10-17T20:32:01Z">
          <reporter-output>
          </reporter-output>
        </test-method> <!-- afterMethod -->
      </class> <!-- basicAnnotations.TestNGClass1 -->
    </test> <!-- Default test -->
  </suite> <!-- Default suite -->
</testng-results>
