<?xml version="1.0" encoding="UTF-8"?>
<!-- Generated by org.testng.reporters.JUnitXMLReporter -->
<testsuite hostname="Tejas" name="Default test" tests="9" failures="0" timestamp="17 Oct 2019 15:02:01 GMT" time="0.064" errors="0">
  <testcase name="test3" time="0.01" classname="basicAnnotations.TestNGClass1"/>
  <testcase name="login" time="0.002" classname="dataProvider.TestDataProvider1"/>
  <testcase name="login" time="0.001" classname="dataProvider.TestDataProvider1"/>
  <testcase name="login" time="0.002" classname="dataProvider.TestDataProvider1"/>
  <testcase name="testCase1" time="0.001" classname="basicAnnotations.TestingClass2"/>
  <testcase name="testCase2" time="0.001" classname="basicAnnotations.TestingClass2"/>
  <testcase name="test4" time="0.002" classname="basicAnnotations.TestNGClass1"/>
  <testcase name="test1" time="0.002" classname="basicAnnotations.TestNGClass1"/>
  <testcase name="test2" time="0.002" classname="basicAnnotations.TestNGClass1"/>
</testsuite> <!-- Default test -->
