<?xml version="1.0" encoding="UTF-8"?>
<!-- Generated by org.testng.reporters.JUnitXMLReporter -->
<testsuite hostname="Tejas" name="Default test" tests="3" failures="0" timestamp="11 Oct 2019 15:39:09 GMT" time="0.056" errors="0">
  <testcase name="login" time="0.015" classname="dataProvider.TestDataProvider1"/>
  <testcase name="login" time="0.001" classname="dataProvider.TestDataProvider1"/>
  <testcase name="login" time="0.001" classname="dataProvider.TestDataProvider1"/>
</testsuite> <!-- Default test -->
