<?xml version="1.0" encoding="UTF-8"?>
<!-- Generated by org.testng.reporters.JUnitXMLReporter -->
<testsuite hostname="Tejas" name="Smoke" tests="6" failures="0" timestamp="11 Oct 2019 15:20:09 GMT" time="0.051" errors="0">
  <testcase name="testCase1" time="0.006" classname="basicAnnotations.TestingClass2"/>
  <testcase name="testCase2" time="0.001" classname="basicAnnotations.TestingClass2"/>
  <testcase name="test3" time="0.004" classname="basicAnnotations.TestNGClass1"/>
  <testcase name="test4" time="0.002" classname="basicAnnotations.TestNGClass1"/>
  <testcase name="test1" time="0.002" classname="basicAnnotations.TestNGClass1"/>
  <testcase name="test2" time="0.003" classname="basicAnnotations.TestNGClass1"/>
</testsuite> <!-- Smoke -->
